<?xml version="1.0" encoding="UTF-8"?>
<testsuite xmlns:xsi="http://www.w3.org/2001/XMLSchema-instance" xsi:noNamespaceSchemaLocation="https://maven.apache.org/surefire/maven-surefire-plugin/xsd/surefire-test-report.xsd" name="org.example.AppTest" time="1.442" tests="4" errors="0" skipped="0" failures="0">
  <properties>
    <property name="sun.desktop" value="windows"/>
    <property name="awt.toolkit" value="sun.awt.windows.WToolkit"/>
    <property name="java.specification.version" value="11"/>
    <property name="sun.cpu.isalist" value="amd64"/>
    <property name="sun.jnu.encoding" value="Cp1252"/>
    <property name="java.class.path" value="C:\Julia\University\OOP\Java-course\XMLParser\target\test-classes;C:\Julia\University\OOP\Java-course\XMLParser\target\classes;C:\Users\Julia\.m2\repository\junit\junit\4.11\junit-4.11.jar;C:\Users\Julia\.m2\repository\org\hamcrest\hamcrest-core\1.3\hamcrest-core-1.3.jar;C:\Users\Julia\.m2\repository\sax\sax\2.0.1\sax-2.0.1.jar;C:\Users\Julia\.m2\repository\org\jvnet\jaxb2_commons\jaxb2-basics-annotate\1.0.2\jaxb2-basics-annotate-1.0.2.jar;C:\Users\Julia\.m2\repository\org\jvnet\jaxb2_commons\jaxb2-basics-tools\0.8.1\jaxb2-basics-tools-0.8.1.jar;C:\Users\Julia\.m2\repository\commons-beanutils\commons-beanutils\1.7.0\commons-beanutils-1.7.0.jar;C:\Users\Julia\.m2\repository\commons-logging\commons-logging\1.1.1\commons-logging-1.1.1.jar;C:\Users\Julia\.m2\repository\org\jvnet\annox\annox\1.0.1\annox-1.0.1.jar;C:\Users\Julia\.m2\repository\org\apache\commons\commons-lang3\3.2.1\commons-lang3-3.2.1.jar;C:\Users\Julia\.m2\repository\commons-io\commons-io\2.4\commons-io-2.4.jar;C:\Users\Julia\.m2\repository\com\google\code\javaparser\javaparser\1.0.11\javaparser-1.0.11.jar;C:\Users\Julia\.m2\repository\com\sun\codemodel\codemodel\2.6\codemodel-2.6.jar;C:\Users\Julia\.m2\repository\javax\xml\bind\jaxb-api\2.3.0\jaxb-api-2.3.0.jar;C:\Users\Julia\.m2\repository\com\sun\xml\bind\jaxb-core\2.3.0\jaxb-core-2.3.0.jar;C:\Users\Julia\.m2\repository\com\sun\xml\bind\jaxb-impl\2.3.0\jaxb-impl-2.3.0.jar;C:\Users\Julia\.m2\repository\com\fasterxml\jackson\module\jackson-module-jaxb-annotations\2.12.0-rc1\jackson-module-jaxb-annotations-2.12.0-rc1.jar;C:\Users\Julia\.m2\repository\com\fasterxml\jackson\core\jackson-annotations\2.12.0-rc1\jackson-annotations-2.12.0-rc1.jar;C:\Users\Julia\.m2\repository\com\fasterxml\jackson\core\jackson-core\2.12.0-rc1\jackson-core-2.12.0-rc1.jar;C:\Users\Julia\.m2\repository\com\fasterxml\jackson\core\jackson-databind\2.12.0-rc1\jackson-databind-2.12.0-rc1.jar;C:\Users\Julia\.m2\repository\jakarta\xml\bind\jakarta.xml.bind-api\2.3.2\jakarta.xml.bind-api-2.3.2.jar;C:\Users\Julia\.m2\repository\jakarta\activation\jakarta.activation-api\1.2.1\jakarta.activation-api-1.2.1.jar;"/>
    <property name="java.vm.vendor" value="Oracle Corporation"/>
    <property name="sun.arch.data.model" value="64"/>
    <property name="user.variant" value=""/>
    <property name="java.vendor.url" value="http://java.oracle.com/"/>
    <property name="user.timezone" value="Europe/Helsinki"/>
    <property name="java.vm.specification.version" value="11"/>
    <property name="os.name" value="Windows 10"/>
    <property name="sun.java.launcher" value="SUN_STANDARD"/>
    <property name="user.country" value="US"/>
    <property name="sun.boot.library.path" value="C:\Program Files\Java\jdk-11.0.1\bin"/>
    <property name="sun.java.command" value="C:\Users\Julia\AppData\Local\Temp\surefire11985660185437750041\surefirebooter1689728989568696900.jar C:\Users\Julia\AppData\Local\Temp\surefire11985660185437750041 2020-11-02T12-47-16_559-jvmRun1 surefire14715113617185995189tmp surefire_02559575176307411424tmp"/>
    <property name="jdk.debug" value="release"/>
    <property name="surefire.test.class.path" value="C:\Julia\University\OOP\Java-course\XMLParser\target\test-classes;C:\Julia\University\OOP\Java-course\XMLParser\target\classes;C:\Users\Julia\.m2\repository\junit\junit\4.11\junit-4.11.jar;C:\Users\Julia\.m2\repository\org\hamcrest\hamcrest-core\1.3\hamcrest-core-1.3.jar;C:\Users\Julia\.m2\repository\sax\sax\2.0.1\sax-2.0.1.jar;C:\Users\Julia\.m2\repository\org\jvnet\jaxb2_commons\jaxb2-basics-annotate\1.0.2\jaxb2-basics-annotate-1.0.2.jar;C:\Users\Julia\.m2\repository\org\jvnet\jaxb2_commons\jaxb2-basics-tools\0.8.1\jaxb2-basics-tools-0.8.1.jar;C:\Users\Julia\.m2\repository\commons-beanutils\commons-beanutils\1.7.0\commons-beanutils-1.7.0.jar;C:\Users\Julia\.m2\repository\commons-logging\commons-logging\1.1.1\commons-logging-1.1.1.jar;C:\Users\Julia\.m2\repository\org\jvnet\annox\annox\1.0.1\annox-1.0.1.jar;C:\Users\Julia\.m2\repository\org\apache\commons\commons-lang3\3.2.1\commons-lang3-3.2.1.jar;C:\Users\Julia\.m2\repository\commons-io\commons-io\2.4\commons-io-2.4.jar;C:\Users\Julia\.m2\repository\com\google\code\javaparser\javaparser\1.0.11\javaparser-1.0.11.jar;C:\Users\Julia\.m2\repository\com\sun\codemodel\codemodel\2.6\codemodel-2.6.jar;C:\Users\Julia\.m2\repository\javax\xml\bind\jaxb-api\2.3.0\jaxb-api-2.3.0.jar;C:\Users\Julia\.m2\repository\com\sun\xml\bind\jaxb-core\2.3.0\jaxb-core-2.3.0.jar;C:\Users\Julia\.m2\repository\com\sun\xml\bind\jaxb-impl\2.3.0\jaxb-impl-2.3.0.jar;C:\Users\Julia\.m2\repository\com\fasterxml\jackson\module\jackson-module-jaxb-annotations\2.12.0-rc1\jackson-module-jaxb-annotations-2.12.0-rc1.jar;C:\Users\Julia\.m2\repository\com\fasterxml\jackson\core\jackson-annotations\2.12.0-rc1\jackson-annotations-2.12.0-rc1.jar;C:\Users\Julia\.m2\repository\com\fasterxml\jackson\core\jackson-core\2.12.0-rc1\jackson-core-2.12.0-rc1.jar;C:\Users\Julia\.m2\repository\com\fasterxml\jackson\core\jackson-databind\2.12.0-rc1\jackson-databind-2.12.0-rc1.jar;C:\Users\Julia\.m2\repository\jakarta\xml\bind\jakarta.xml.bind-api\2.3.2\jakarta.xml.bind-api-2.3.2.jar;C:\Users\Julia\.m2\repository\jakarta\activation\jakarta.activation-api\1.2.1\jakarta.activation-api-1.2.1.jar;"/>
    <property name="sun.cpu.endian" value="little"/>
    <property name="user.home" value="C:\Users\Julia"/>
    <property name="user.language" value="en"/>
    <property name="java.specification.vendor" value="Oracle Corporation"/>
    <property name="java.version.date" value="2018-10-16"/>
    <property name="java.home" value="C:\Program Files\Java\jdk-11.0.1"/>
    <property name="file.separator" value="\"/>
    <property name="basedir" value="C:\Julia\University\OOP\Java-course\XMLParser"/>
    <property name="java.vm.compressedOopsMode" value="32-bit"/>
    <property name="line.separator" value="&#10;"/>
    <property name="java.specification.name" value="Java Platform API Specification"/>
    <property name="java.vm.specification.vendor" value="Oracle Corporation"/>
    <property name="java.awt.graphicsenv" value="sun.awt.Win32GraphicsEnvironment"/>
    <property name="surefire.real.class.path" value="C:\Users\Julia\AppData\Local\Temp\surefire11985660185437750041\surefirebooter1689728989568696900.jar"/>
    <property name="user.script" value=""/>
    <property name="sun.management.compiler" value="HotSpot 64-Bit Tiered Compilers"/>
    <property name="java.runtime.version" value="11.0.1+13-LTS"/>
    <property name="user.name" value="Julia"/>
    <property name="path.separator" value=";"/>
    <property name="os.version" value="10.0"/>
    <property name="java.runtime.name" value="Java(TM) SE Runtime Environment"/>
    <property name="file.encoding" value="Cp1252"/>
    <property name="java.vm.name" value="Java HotSpot(TM) 64-Bit Server VM"/>
    <property name="java.vendor.version" value="18.9"/>
    <property name="localRepository" value="C:\Users\Julia\.m2\repository"/>
    <property name="java.vendor.url.bug" value="http://bugreport.java.com/bugreport/"/>
    <property name="java.io.tmpdir" value="C:\Users\Julia\AppData\Local\Temp\"/>
    <property name="java.version" value="11.0.1"/>
    <property name="user.dir" value="C:\Julia\University\OOP\Java-course\XMLParser"/>
    <property name="os.arch" value="amd64"/>
    <property name="java.vm.specification.name" value="Java Virtual Machine Specification"/>
    <property name="java.awt.printerjob" value="sun.awt.windows.WPrinterJob"/>
    <property name="sun.os.patch.level" value=""/>
    <property name="java.library.path" value="C:\Program Files\Java\jdk-11.0.1\bin;C:\WINDOWS\Sun\Java\bin;C:\WINDOWS\system32;C:\WINDOWS;C:\watcom-1.3\binnt;C:\watcom-1.3\binw;C:\Program Files (x86)\Intel\iCLS Client\;C:\Program Files\Intel\iCLS Client\;C:\WINDOWS\system32;C:\WINDOWS;C:\WINDOWS\System32\Wbem;C:\WINDOWS\System32\WindowsPowerShell\v1.0\;C:\Program Files (x86)\Intel\Intel(R) Management Engine Components\DAL;C:\Program Files\Intel\Intel(R) Management Engine Components\DAL;C:\Program Files (x86)\Intel\Intel(R) Management Engine Components\IPT;C:\Program Files\Intel\Intel(R) Management Engine Components\IPT;C:\Program Files\Intel\WiFi\bin\;C:\Program Files\Common Files\Intel\WirelessCommon\;C:\Program Files\dotnet\;C:\WINDOWS\System32\OpenSSH\;C:\Program Files\Java\jdk-11.0.1\bin;C:\Program Files\Git\cmd;C:\Program Files\boost\boost_1_72_0;C:\Program Files\MATLAB\R2018a\runtime\win64;C:\Program Files\MATLAB\R2018a\bin;C:\Users\Julia\AppData\Local\Microsoft\WindowsApps;C:\Users\Julia\AppData\Local\GitHubDesktop\bin;C:\Users\Julia\AppData\Local\Microsoft\WindowsApps;C:\Julia\Programming\vcpkg-master;C:\Program Files\apache-maven-3.6.3\bin;;."/>
    <property name="java.vendor" value="Oracle Corporation"/>
    <property name="java.vm.info" value="mixed mode"/>
    <property name="java.vm.version" value="11.0.1+13-LTS"/>
    <property name="sun.io.unicode.encoding" value="UnicodeLittle"/>
    <property name="java.class.version" value="55.0"/>
  </properties>
  <testcase name="testValidator" classname="org.example.AppTest" time="1.375"/>
  <testcase name="testStAXParserWithKnives" classname="org.example.AppTest" time="0"/>
  <testcase name="testSAXParserWithKnives" classname="org.example.AppTest" time="0"/>
  <testcase name="testDOMParserWithKnives" classname="org.example.AppTest" time="0"/>
</testsuite>